0 info it worked if it ends with ok
1 verbose cli [ '/usr/bin/node', '/usr/bin/npm', 'publish' ]
2 info using npm@1.4.3
3 info using node@v0.10.26
4 verbose node symlink /usr/bin/node
5 verbose publish [ '.' ]
6 verbose cache add [ '.', null ]
7 verbose cache add name=undefined spec="." args=[".",null]
8 verbose parsed url { protocol: null,
8 verbose parsed url   slashes: null,
8 verbose parsed url   auth: null,
8 verbose parsed url   host: null,
8 verbose parsed url   port: null,
8 verbose parsed url   hostname: null,
8 verbose parsed url   hash: null,
8 verbose parsed url   search: null,
8 verbose parsed url   query: null,
8 verbose parsed url   pathname: '.',
8 verbose parsed url   path: '.',
8 verbose parsed url   href: '.' }
9 silly lockFile 3a52ce78- .
10 verbose lock . /home/p/.npm/3a52ce78-.lock
11 verbose tar pack [ '/home/p/tmp/npm-14160-arGtzoNs/1402762962835-0.16808859934099019/tmp.tgz',
11 verbose tar pack   '.' ]
12 verbose tarball /home/p/tmp/npm-14160-arGtzoNs/1402762962835-0.16808859934099019/tmp.tgz
13 verbose folder .
14 info prepublish cv-info@0.0.4
15 silly lockFile 1f1177db-tar tar://.
16 verbose lock tar://. /home/p/.npm/1f1177db-tar.lock
17 silly lockFile 2bfe3276-2835-0-16808859934099019-tmp-tgz tar:///home/p/tmp/npm-14160-arGtzoNs/1402762962835-0.16808859934099019/tmp.tgz
18 verbose lock tar:///home/p/tmp/npm-14160-arGtzoNs/1402762962835-0.16808859934099019/tmp.tgz /home/p/.npm/2bfe3276-2835-0-16808859934099019-tmp-tgz.lock
19 silly lockFile 1f1177db-tar tar://.
20 silly lockFile 1f1177db-tar tar://.
21 silly lockFile 2bfe3276-2835-0-16808859934099019-tmp-tgz tar:///home/p/tmp/npm-14160-arGtzoNs/1402762962835-0.16808859934099019/tmp.tgz
22 silly lockFile 2bfe3276-2835-0-16808859934099019-tmp-tgz tar:///home/p/tmp/npm-14160-arGtzoNs/1402762962835-0.16808859934099019/tmp.tgz
23 verbose tar unpack /home/p/tmp/npm-14160-arGtzoNs/1402762962835-0.16808859934099019/tmp.tgz
24 silly lockFile 9ea89269-2835-0-16808859934099019-package tar:///home/p/tmp/npm-14160-arGtzoNs/1402762962835-0.16808859934099019/package
25 verbose lock tar:///home/p/tmp/npm-14160-arGtzoNs/1402762962835-0.16808859934099019/package /home/p/.npm/9ea89269-2835-0-16808859934099019-package.lock
26 silly lockFile 2bfe3276-2835-0-16808859934099019-tmp-tgz tar:///home/p/tmp/npm-14160-arGtzoNs/1402762962835-0.16808859934099019/tmp.tgz
27 verbose lock tar:///home/p/tmp/npm-14160-arGtzoNs/1402762962835-0.16808859934099019/tmp.tgz /home/p/.npm/2bfe3276-2835-0-16808859934099019-tmp-tgz.lock
28 silly gunzTarPerm modes [ '755', '644' ]
29 silly gunzTarPerm extractEntry package.json
30 silly gunzTarPerm modified mode [ 'package.json', 436, 420 ]
31 silly gunzTarPerm extractEntry .npmignore
32 silly gunzTarPerm modified mode [ '.npmignore', 436, 420 ]
33 silly gunzTarPerm extractEntry .idea/.name
34 silly gunzTarPerm modified mode [ '.idea/.name', 436, 420 ]
35 silly gunzTarPerm extractEntry .idea/cv-info.iml
36 silly gunzTarPerm modified mode [ '.idea/cv-info.iml', 436, 420 ]
37 silly gunzTarPerm extractEntry .idea/encodings.xml
38 silly gunzTarPerm modified mode [ '.idea/encodings.xml', 436, 420 ]
39 silly gunzTarPerm extractEntry .idea/misc.xml
40 silly gunzTarPerm modified mode [ '.idea/misc.xml', 436, 420 ]
41 silly gunzTarPerm extractEntry .idea/modules.xml
42 silly gunzTarPerm modified mode [ '.idea/modules.xml', 436, 420 ]
43 silly gunzTarPerm extractEntry .idea/scopes/scope_settings.xml
44 silly gunzTarPerm modified mode [ '.idea/scopes/scope_settings.xml', 436, 420 ]
45 silly gunzTarPerm extractEntry .idea/vcs.xml
46 silly gunzTarPerm modified mode [ '.idea/vcs.xml', 436, 420 ]
47 silly gunzTarPerm extractEntry .idea/workspace.xml
48 silly gunzTarPerm modified mode [ '.idea/workspace.xml', 436, 420 ]
49 silly gunzTarPerm extractEntry readme.md
50 silly gunzTarPerm modified mode [ 'readme.md', 436, 420 ]
51 silly gunzTarPerm extractEntry src/ContactInfo.coffee
52 silly gunzTarPerm modified mode [ 'src/ContactInfo.coffee', 436, 420 ]
53 silly gunzTarPerm extractEntry src/Info.coffee
54 silly gunzTarPerm modified mode [ 'src/Info.coffee', 436, 420 ]
55 silly gunzTarPerm extractEntry src/PersonalInfo.coffee
56 silly gunzTarPerm modified mode [ 'src/PersonalInfo.coffee', 436, 420 ]
57 silly gunzTarPerm extractEntry src/Project.coffee
58 silly gunzTarPerm modified mode [ 'src/Project.coffee', 436, 420 ]
59 silly gunzTarPerm extractEntry src/ProjectsInfo.coffee
60 silly gunzTarPerm modified mode [ 'src/ProjectsInfo.coffee', 436, 420 ]
61 silly gunzTarPerm extractEntry src/index.coffee
62 silly gunzTarPerm modified mode [ 'src/index.coffee', 436, 420 ]
63 silly lockFile 9ea89269-2835-0-16808859934099019-package tar:///home/p/tmp/npm-14160-arGtzoNs/1402762962835-0.16808859934099019/package
64 silly lockFile 9ea89269-2835-0-16808859934099019-package tar:///home/p/tmp/npm-14160-arGtzoNs/1402762962835-0.16808859934099019/package
65 silly lockFile 2bfe3276-2835-0-16808859934099019-tmp-tgz tar:///home/p/tmp/npm-14160-arGtzoNs/1402762962835-0.16808859934099019/tmp.tgz
66 silly lockFile 2bfe3276-2835-0-16808859934099019-tmp-tgz tar:///home/p/tmp/npm-14160-arGtzoNs/1402762962835-0.16808859934099019/tmp.tgz
67 verbose tar pack [ '/home/p/.npm/cv-info/0.0.4/package.tgz',
67 verbose tar pack   '/home/p/tmp/npm-14160-arGtzoNs/1402762962835-0.16808859934099019/package' ]
68 verbose tarball /home/p/.npm/cv-info/0.0.4/package.tgz
69 verbose folder /home/p/tmp/npm-14160-arGtzoNs/1402762962835-0.16808859934099019/package
70 silly lockFile 9ea89269-2835-0-16808859934099019-package tar:///home/p/tmp/npm-14160-arGtzoNs/1402762962835-0.16808859934099019/package
71 verbose lock tar:///home/p/tmp/npm-14160-arGtzoNs/1402762962835-0.16808859934099019/package /home/p/.npm/9ea89269-2835-0-16808859934099019-package.lock
72 silly lockFile 8502a4fb--p-npm-cv-info-0-0-4-package-tgz tar:///home/p/.npm/cv-info/0.0.4/package.tgz
73 verbose lock tar:///home/p/.npm/cv-info/0.0.4/package.tgz /home/p/.npm/8502a4fb--p-npm-cv-info-0-0-4-package-tgz.lock
74 silly lockFile 9ea89269-2835-0-16808859934099019-package tar:///home/p/tmp/npm-14160-arGtzoNs/1402762962835-0.16808859934099019/package
75 silly lockFile 9ea89269-2835-0-16808859934099019-package tar:///home/p/tmp/npm-14160-arGtzoNs/1402762962835-0.16808859934099019/package
76 silly lockFile 8502a4fb--p-npm-cv-info-0-0-4-package-tgz tar:///home/p/.npm/cv-info/0.0.4/package.tgz
77 silly lockFile 8502a4fb--p-npm-cv-info-0-0-4-package-tgz tar:///home/p/.npm/cv-info/0.0.4/package.tgz
78 silly lockFile db0a7b93-home-p-npm-cv-info-0-0-4-package /home/p/.npm/cv-info/0.0.4/package
79 verbose lock /home/p/.npm/cv-info/0.0.4/package /home/p/.npm/db0a7b93-home-p-npm-cv-info-0-0-4-package.lock
80 silly lockFile db0a7b93-home-p-npm-cv-info-0-0-4-package /home/p/.npm/cv-info/0.0.4/package
81 silly lockFile db0a7b93-home-p-npm-cv-info-0-0-4-package /home/p/.npm/cv-info/0.0.4/package
82 verbose tar unpack /home/p/.npm/cv-info/0.0.4/package.tgz
83 silly lockFile b4a192d4-home-p-npm-cv-info-0-0-4-package tar:///home/p/.npm/cv-info/0.0.4/package
84 verbose lock tar:///home/p/.npm/cv-info/0.0.4/package /home/p/.npm/b4a192d4-home-p-npm-cv-info-0-0-4-package.lock
85 silly lockFile 8502a4fb--p-npm-cv-info-0-0-4-package-tgz tar:///home/p/.npm/cv-info/0.0.4/package.tgz
86 verbose lock tar:///home/p/.npm/cv-info/0.0.4/package.tgz /home/p/.npm/8502a4fb--p-npm-cv-info-0-0-4-package-tgz.lock
87 silly gunzTarPerm modes [ '755', '644' ]
88 silly gunzTarPerm extractEntry package.json
89 silly gunzTarPerm extractEntry .npmignore
90 silly gunzTarPerm extractEntry .idea/.name
91 silly gunzTarPerm extractEntry .idea/cv-info.iml
92 silly gunzTarPerm extractEntry .idea/encodings.xml
93 silly gunzTarPerm extractEntry .idea/misc.xml
94 silly gunzTarPerm extractEntry .idea/modules.xml
95 silly gunzTarPerm extractEntry .idea/scopes/scope_settings.xml
96 silly gunzTarPerm extractEntry .idea/vcs.xml
97 silly gunzTarPerm extractEntry .idea/workspace.xml
98 silly gunzTarPerm extractEntry readme.md
99 silly gunzTarPerm extractEntry src/ContactInfo.coffee
100 silly gunzTarPerm extractEntry src/Info.coffee
101 silly gunzTarPerm extractEntry src/PersonalInfo.coffee
102 silly gunzTarPerm extractEntry src/Project.coffee
103 silly gunzTarPerm extractEntry src/ProjectsInfo.coffee
104 silly gunzTarPerm extractEntry src/index.coffee
105 silly lockFile b4a192d4-home-p-npm-cv-info-0-0-4-package tar:///home/p/.npm/cv-info/0.0.4/package
106 silly lockFile b4a192d4-home-p-npm-cv-info-0-0-4-package tar:///home/p/.npm/cv-info/0.0.4/package
107 silly lockFile 8502a4fb--p-npm-cv-info-0-0-4-package-tgz tar:///home/p/.npm/cv-info/0.0.4/package.tgz
108 silly lockFile 8502a4fb--p-npm-cv-info-0-0-4-package-tgz tar:///home/p/.npm/cv-info/0.0.4/package.tgz
109 verbose chmod /home/p/.npm/cv-info/0.0.4/package.tgz 644
110 verbose chown /home/p/.npm/cv-info/0.0.4/package.tgz [ 1000, 1000 ]
111 silly lockFile 3a52ce78- .
112 silly lockFile 3a52ce78- .
113 silly publish { name: 'cv-info',
113 silly publish   version: '0.0.4',
113 silly publish   author:
113 silly publish    { name: 'Paul Nechifor',
113 silly publish      email: 'paul@nechifor.net',
113 silly publish      url: 'http://nechifor.net/' },
113 silly publish   scripts: { preinstall: 'rm -fr lib; coffee --compile --bare --output lib src' },
113 silly publish   main: 'lib',
113 silly publish   dependencies: { 'js-yaml': '^3.0.2', 'coffee-script': '^1.7.1' },
113 silly publish   repository:
113 silly publish    { type: 'git',
113 silly publish      url: 'https://github.com/paul-nechifor/intercessor' },
113 silly publish   license: 'MIT',
113 silly publish   readme: '# CV Info\n\nGenerate CV data from a YAML file. Not complete.\n\n## License\n\nMIT\n',
113 silly publish   readmeFilename: 'readme.md',
113 silly publish   description: 'Generate CV data from a YAML file. Not complete.',
113 silly publish   bugs: { url: 'https://github.com/paul-nechifor/intercessor/issues' },
113 silly publish   homepage: 'https://github.com/paul-nechifor/intercessor',
113 silly publish   _id: 'cv-info@0.0.4',
113 silly publish   dist: { shasum: 'd611cc0a2b4ffd53a875619c3f41cfbc52602b22' },
113 silly publish   _from: '.' }
114 verbose url raw cv-info
115 verbose url resolving [ 'https://registry.npmjs.org/', './cv-info' ]
116 verbose url resolved https://registry.npmjs.org/cv-info
117 info trying registry request attempt 1 at 19:22:42
118 http PUT https://registry.npmjs.org/cv-info
119 http 403 https://registry.npmjs.org/cv-info
120 error publish Failed PUT 403
121 error Error: forbidden cannot modify pre-existing version: 0.0.4
121 error old={"name":"cv-info","version":"0.0.4","author":{"name":"Paul Nechifor","email":"paul@nechifor.net","url":"http://nechifor.net/"},"scripts":{"preinstall":"rm -fr lib; coffee --compile --bare --output lib src"},"main":"lib","dependencies":{"js-yaml":"^3.0.2","coffee-script":"^1.7.1"},"repository":{"type":"git","url":"https://github.com/paul-nechifor/intercessor"},"license":"MIT","description":"Generate CV data from a YAML file. Not complete.","bugs":{"url":"https://github.com/paul-nechifor/intercessor/issues"},"homepage":"https://github.com/paul-nechifor/intercessor","_id":"cv-info@0.0.4","dist":{"shasum":"7fcb952ef8d8416670c105c0042c53d30f6759ad","tarball":"http://registry.npmjs.org/cv-info/-/cv-info-0.0.4.tgz"},"_from":".","_npmVersion":"1.4.3","_npmUser":{"name":"paul-nechifor","email":"paul@nechifor.net"},"maintainers":[{"name":"paul-nechifor","email":"paul@nechifor.net"}]}
121 error new={"name":"cv-info","version":"0.0.4","author":{"name":"Paul Nechifor","email":"paul@nechifor.net","url":"http://nechifor.net/"},"scripts":{"preinstall":"rm -fr lib; coffee --compile --bare --output lib src"},"main":"lib","dependencies":{"js-yaml":"^3.0.2","coffee-script":"^1.7.1"},"repository":{"type":"git","url":"https://github.com/paul-nechifor/intercessor"},"license":"MIT","readme":"# CV Info\u000a\u000aGenerate CV data from a YAML file. Not complete.\u000a\u000a## License\u000a\u000aMIT\u000a","readmeFilename":"readme.md","description":"Generate CV data from a YAML file. Not complete.","bugs":{"url":"https://github.com/paul-nechifor/intercessor/issues"},"homepage":"https://github.com/paul-nechifor/intercessor","_id":"cv-info@0.0.4","dist":{"shasum":"d611cc0a2b4ffd53a875619c3f41cfbc52602b22","tarball":"http://registry.npmjs.org/cv-info/-/cv-info-0.0.4.tgz"},"_from":".","_npmVersion":"1.4.3","_npmUser":{"name":"paul-nechifor","email":"paul@nechifor.net"},"maintainers":[{"name":"paul-nechifor","email":"paul@nechifor.net"}]}: cv-info
121 error     at RegClient.<anonymous> (/usr/lib/node_modules/npm/node_modules/npm-registry-client/lib/request.js:237:14)
121 error     at Request.self.callback (/usr/lib/node_modules/npm/node_modules/request/request.js:123:22)
121 error     at Request.EventEmitter.emit (events.js:98:17)
121 error     at Request.<anonymous> (/usr/lib/node_modules/npm/node_modules/request/request.js:893:14)
121 error     at Request.EventEmitter.emit (events.js:117:20)
121 error     at IncomingMessage.<anonymous> (/usr/lib/node_modules/npm/node_modules/request/request.js:844:12)
121 error     at IncomingMessage.EventEmitter.emit (events.js:117:20)
121 error     at _stream_readable.js:920:16
121 error     at process._tickCallback (node.js:415:13)
122 error If you need help, you may report this *entire* log,
122 error including the npm and node versions, at:
122 error     <http://github.com/npm/npm/issues>
123 error System Linux 3.5.0-45-generic
124 error command "/usr/bin/node" "/usr/bin/npm" "publish"
125 error cwd /home/p/pro/cv-info
126 error node -v v0.10.26
127 error npm -v 1.4.3
128 verbose exit [ 1, true ]
